{"C:\\Users\\lukeu\\source\\repos\\ai-shell\\packages\\ui-kit\\src\\components\\ActivityBar.tsx": {"path":"C:\\Users\\lukeu\\source\\repos\\ai-shell\\packages\\ui-kit\\src\\components\\ActivityBar.tsx","all":false,"statementMap":{"0":{"start":{"line":1,"column":0},"end":{"line":1,"column":3}},"24":{"start":{"line":25,"column":0},"end":{"line":25,"column":40}},"25":{"start":{"line":26,"column":0},"end":{"line":26,"column":52}},"26":{"start":{"line":27,"column":0},"end":{"line":27,"column":48}},"27":{"start":{"line":28,"column":0},"end":{"line":28,"column":64}},"28":{"start":{"line":29,"column":0},"end":{"line":29,"column":58}},"29":{"start":{"line":30,"column":0},"end":{"line":30,"column":56}},"30":{"start":{"line":31,"column":0},"end":{"line":31,"column":52}},"31":{"start":{"line":32,"column":0},"end":{"line":32,"column":2}},"53":{"start":{"line":54,"column":0},"end":{"line":54,"column":76}},"54":{"start":{"line":55,"column":0},"end":{"line":55,"column":10}},"55":{"start":{"line":56,"column":0},"end":{"line":56,"column":71}},"56":{"start":{"line":57,"column":0},"end":{"line":57,"column":37}},"57":{"start":{"line":58,"column":0},"end":{"line":58,"column":48}},"59":{"start":{"line":60,"column":0},"end":{"line":60,"column":16}},"60":{"start":{"line":61,"column":0},"end":{"line":61,"column":17}},"61":{"start":{"line":62,"column":0},"end":{"line":62,"column":25}},"62":{"start":{"line":63,"column":0},"end":{"line":63,"column":48}},"63":{"start":{"line":64,"column":0},"end":{"line":64,"column":24}},"66":{"start":{"line":67,"column":0},"end":{"line":67,"column":105}},"68":{"start":{"line":69,"column":0},"end":{"line":69,"column":30}},"69":{"start":{"line":70,"column":0},"end":{"line":70,"column":35}},"70":{"start":{"line":71,"column":0},"end":{"line":71,"column":35}},"72":{"start":{"line":73,"column":0},"end":{"line":73,"column":73}},"73":{"start":{"line":74,"column":0},"end":{"line":74,"column":25}},"74":{"start":{"line":75,"column":0},"end":{"line":75,"column":19}},"75":{"start":{"line":76,"column":0},"end":{"line":76,"column":19}},"77":{"start":{"line":78,"column":0},"end":{"line":78,"column":9}},"78":{"start":{"line":79,"column":0},"end":{"line":79,"column":10}},"80":{"start":{"line":81,"column":0},"end":{"line":81,"column":1}}},"s":{"0":1,"24":1,"25":1,"26":1,"27":1,"28":1,"29":1,"30":1,"31":1,"53":1,"54":8,"55":8,"56":8,"57":48,"59":48,"60":48,"61":48,"62":48,"63":48,"66":48,"68":48,"69":48,"70":48,"72":48,"73":48,"74":48,"75":48,"77":8,"78":8,"80":8},"branchMap":{"0":{"type":"branch","line":54,"loc":{"start":{"line":54,"column":7},"end":{"line":81,"column":1}},"locations":[{"start":{"line":54,"column":7},"end":{"line":81,"column":1}}]},"1":{"type":"branch","line":57,"loc":{"start":{"line":57,"column":26},"end":{"line":78,"column":7}},"locations":[{"start":{"line":57,"column":26},"end":{"line":78,"column":7}}]},"2":{"type":"branch","line":67,"loc":{"start":{"line":67,"column":16},"end":{"line":67,"column":54}},"locations":[{"start":{"line":67,"column":16},"end":{"line":67,"column":54}}]},"3":{"type":"branch","line":67,"loc":{"start":{"line":67,"column":27},"end":{"line":67,"column":104}},"locations":[{"start":{"line":67,"column":27},"end":{"line":67,"column":104}}]},"4":{"type":"branch","line":63,"loc":{"start":{"line":63,"column":21},"end":{"line":63,"column":48}},"locations":[{"start":{"line":63,"column":21},"end":{"line":63,"column":48}}]}},"b":{"0":[8],"1":[48],"2":[8],"3":[40],"4":[4]},"fnMap":{"0":{"name":"ActivityBar","decl":{"start":{"line":54,"column":7},"end":{"line":81,"column":1}},"loc":{"start":{"line":54,"column":7},"end":{"line":81,"column":1}},"line":54},"1":{"name":"onClick","decl":{"start":{"line":63,"column":21},"end":{"line":63,"column":48}},"loc":{"start":{"line":63,"column":21},"end":{"line":63,"column":48}},"line":63}},"f":{"0":8,"1":4}}
,"C:\\Users\\lukeu\\source\\repos\\ai-shell\\packages\\ui-kit\\src\\components\\PanelHeader.tsx": {"path":"C:\\Users\\lukeu\\source\\repos\\ai-shell\\packages\\ui-kit\\src\\components\\PanelHeader.tsx","all":false,"statementMap":{"0":{"start":{"line":1,"column":0},"end":{"line":1,"column":3}},"35":{"start":{"line":36,"column":0},"end":{"line":36,"column":87}},"36":{"start":{"line":37,"column":0},"end":{"line":37,"column":10}},"37":{"start":{"line":38,"column":0},"end":{"line":38,"column":90}},"39":{"start":{"line":40,"column":0},"end":{"line":40,"column":79}},"40":{"start":{"line":41,"column":0},"end":{"line":41,"column":15}},"41":{"start":{"line":42,"column":0},"end":{"line":42,"column":11}},"44":{"start":{"line":45,"column":0},"end":{"line":45,"column":13}},"45":{"start":{"line":46,"column":0},"end":{"line":46,"column":34}},"46":{"start":{"line":47,"column":0},"end":{"line":47,"column":67}},"47":{"start":{"line":48,"column":0},"end":{"line":48,"column":66}},"48":{"start":{"line":49,"column":0},"end":{"line":49,"column":34}},"50":{"start":{"line":51,"column":0},"end":{"line":51,"column":12}},"51":{"start":{"line":52,"column":0},"end":{"line":52,"column":43}},"52":{"start":{"line":53,"column":0},"end":{"line":53,"column":21}},"53":{"start":{"line":54,"column":0},"end":{"line":54,"column":31}},"54":{"start":{"line":55,"column":0},"end":{"line":55,"column":29}},"56":{"start":{"line":57,"column":0},"end":{"line":57,"column":24}},"58":{"start":{"line":59,"column":0},"end":{"line":59,"column":100}},"61":{"start":{"line":62,"column":0},"end":{"line":62,"column":99}},"63":{"start":{"line":64,"column":0},"end":{"line":64,"column":14}},"64":{"start":{"line":65,"column":0},"end":{"line":65,"column":15}},"65":{"start":{"line":66,"column":0},"end":{"line":66,"column":10}},"67":{"start":{"line":68,"column":0},"end":{"line":68,"column":1}}},"s":{"0":1,"35":1,"36":10,"37":10,"39":10,"40":10,"41":10,"44":10,"45":10,"46":10,"47":10,"48":10,"50":10,"51":10,"52":10,"53":10,"54":10,"56":10,"58":4,"61":6,"63":10,"64":10,"65":10,"67":10},"branchMap":{"0":{"type":"branch","line":36,"loc":{"start":{"line":36,"column":7},"end":{"line":68,"column":1}},"locations":[{"start":{"line":36,"column":7},"end":{"line":68,"column":1}}]},"1":{"type":"branch","line":48,"loc":{"start":{"line":48,"column":20},"end":{"line":48,"column":49}},"locations":[{"start":{"line":48,"column":20},"end":{"line":48,"column":49}}]},"2":{"type":"branch","line":48,"loc":{"start":{"line":48,"column":32},"end":{"line":48,"column":66}},"locations":[{"start":{"line":48,"column":32},"end":{"line":48,"column":66}}]},"3":{"type":"branch","line":57,"loc":{"start":{"line":57,"column":11},"end":{"line":59,"column":100}},"locations":[{"start":{"line":57,"column":11},"end":{"line":59,"column":100}}]},"4":{"type":"branch","line":59,"loc":{"start":{"line":59,"column":98},"end":{"line":62,"column":99}},"locations":[{"start":{"line":59,"column":98},"end":{"line":62,"column":99}}]}},"b":{"0":[10],"1":[4],"2":[6],"3":[4],"4":[6]},"fnMap":{"0":{"name":"PanelHeader","decl":{"start":{"line":36,"column":7},"end":{"line":68,"column":1}},"loc":{"start":{"line":36,"column":7},"end":{"line":68,"column":1}},"line":36}},"f":{"0":10}}
,"C:\\Users\\lukeu\\source\\repos\\ai-shell\\packages\\ui-kit\\src\\components\\ResizablePanel.tsx": {"path":"C:\\Users\\lukeu\\source\\repos\\ai-shell\\packages\\ui-kit\\src\\components\\ResizablePanel.tsx","all":false,"statementMap":{"0":{"start":{"line":1,"column":0},"end":{"line":1,"column":71}},"64":{"start":{"line":65,"column":0},"end":{"line":65,"column":60}},"65":{"start":{"line":66,"column":0},"end":{"line":66,"column":12}},"66":{"start":{"line":67,"column":0},"end":{"line":67,"column":7}},"67":{"start":{"line":68,"column":0},"end":{"line":68,"column":10}},"68":{"start":{"line":69,"column":0},"end":{"line":69,"column":10}},"69":{"start":{"line":70,"column":0},"end":{"line":70,"column":12}},"70":{"start":{"line":71,"column":0},"end":{"line":71,"column":11}},"71":{"start":{"line":72,"column":0},"end":{"line":72,"column":19}},"72":{"start":{"line":73,"column":0},"end":{"line":73,"column":11}},"73":{"start":{"line":74,"column":0},"end":{"line":74,"column":17}},"74":{"start":{"line":75,"column":0},"end":{"line":75,"column":25}},"75":{"start":{"line":76,"column":0},"end":{"line":76,"column":54}},"76":{"start":{"line":77,"column":0},"end":{"line":77,"column":45}},"77":{"start":{"line":78,"column":0},"end":{"line":78,"column":40}},"78":{"start":{"line":79,"column":0},"end":{"line":79,"column":41}},"83":{"start":{"line":84,"column":0},"end":{"line":84,"column":52}},"84":{"start":{"line":85,"column":0},"end":{"line":85,"column":67}},"85":{"start":{"line":86,"column":0},"end":{"line":86,"column":25}},"90":{"start":{"line":91,"column":0},"end":{"line":91,"column":64}},"91":{"start":{"line":92,"column":0},"end":{"line":92,"column":23}},"92":{"start":{"line":93,"column":0},"end":{"line":93,"column":24}},"93":{"start":{"line":94,"column":0},"end":{"line":94,"column":77}},"94":{"start":{"line":95,"column":0},"end":{"line":95,"column":32}},"95":{"start":{"line":96,"column":0},"end":{"line":96,"column":24}},"101":{"start":{"line":102,"column":0},"end":{"line":102,"column":19}},"102":{"start":{"line":103,"column":0},"end":{"line":103,"column":28}},"104":{"start":{"line":105,"column":0},"end":{"line":105,"column":48}},"106":{"start":{"line":107,"column":0},"end":{"line":107,"column":36}},"107":{"start":{"line":108,"column":0},"end":{"line":108,"column":45}},"108":{"start":{"line":109,"column":0},"end":{"line":109,"column":7}},"111":{"start":{"line":112,"column":0},"end":{"line":112,"column":52}},"112":{"start":{"line":113,"column":0},"end":{"line":113,"column":78}},"113":{"start":{"line":114,"column":0},"end":{"line":114,"column":55}},"114":{"start":{"line":115,"column":0},"end":{"line":115,"column":64}},"117":{"start":{"line":118,"column":0},"end":{"line":118,"column":31}},"118":{"start":{"line":119,"column":0},"end":{"line":119,"column":28}},"119":{"start":{"line":120,"column":0},"end":{"line":120,"column":9}},"120":{"start":{"line":121,"column":0},"end":{"line":121,"column":9}},"121":{"start":{"line":122,"column":0},"end":{"line":122,"column":6}},"123":{"start":{"line":124,"column":0},"end":{"line":124,"column":33}},"124":{"start":{"line":125,"column":0},"end":{"line":125,"column":27}},"125":{"start":{"line":126,"column":0},"end":{"line":126,"column":36}},"126":{"start":{"line":127,"column":0},"end":{"line":127,"column":45}},"127":{"start":{"line":128,"column":0},"end":{"line":128,"column":30}},"128":{"start":{"line":129,"column":0},"end":{"line":129,"column":7}},"129":{"start":{"line":130,"column":0},"end":{"line":130,"column":6}},"132":{"start":{"line":133,"column":0},"end":{"line":133,"column":60}},"133":{"start":{"line":134,"column":0},"end":{"line":134,"column":56}},"135":{"start":{"line":136,"column":0},"end":{"line":136,"column":18}},"136":{"start":{"line":137,"column":0},"end":{"line":137,"column":65}},"137":{"start":{"line":138,"column":0},"end":{"line":138,"column":61}},"138":{"start":{"line":139,"column":0},"end":{"line":139,"column":36}},"139":{"start":{"line":140,"column":0},"end":{"line":140,"column":45}},"140":{"start":{"line":141,"column":0},"end":{"line":141,"column":7}},"141":{"start":{"line":142,"column":0},"end":{"line":142,"column":6}},"142":{"start":{"line":143,"column":0},"end":{"line":143,"column":57}},"144":{"start":{"line":145,"column":0},"end":{"line":145,"column":18}},"146":{"start":{"line":147,"column":0},"end":{"line":147,"column":12}},"147":{"start":{"line":148,"column":0},"end":{"line":148,"column":71}},"148":{"start":{"line":149,"column":0},"end":{"line":149,"column":15}},"149":{"start":{"line":150,"column":0},"end":{"line":150,"column":36}},"150":{"start":{"line":151,"column":0},"end":{"line":151,"column":69}},"151":{"start":{"line":152,"column":0},"end":{"line":152,"column":35}},"153":{"start":{"line":154,"column":0},"end":{"line":154,"column":14}},"154":{"start":{"line":155,"column":0},"end":{"line":155,"column":45}},"155":{"start":{"line":156,"column":0},"end":{"line":156,"column":23}},"156":{"start":{"line":157,"column":0},"end":{"line":157,"column":33}},"157":{"start":{"line":158,"column":0},"end":{"line":158,"column":31}},"159":{"start":{"line":160,"column":0},"end":{"line":160,"column":43}},"161":{"start":{"line":162,"column":0},"end":{"line":162,"column":100}},"164":{"start":{"line":165,"column":0},"end":{"line":165,"column":102}},"166":{"start":{"line":167,"column":0},"end":{"line":167,"column":16}},"167":{"start":{"line":168,"column":0},"end":{"line":168,"column":17}},"168":{"start":{"line":169,"column":0},"end":{"line":169,"column":12}},"170":{"start":{"line":171,"column":0},"end":{"line":171,"column":3}},"172":{"start":{"line":173,"column":0},"end":{"line":173,"column":10}},"173":{"start":{"line":174,"column":0},"end":{"line":174,"column":106}},"175":{"start":{"line":176,"column":0},"end":{"line":176,"column":44}},"176":{"start":{"line":177,"column":0},"end":{"line":177,"column":18}},"177":{"start":{"line":178,"column":0},"end":{"line":178,"column":12}},"180":{"start":{"line":181,"column":0},"end":{"line":181,"column":10}},"181":{"start":{"line":182,"column":0},"end":{"line":182,"column":20}},"183":{"start":{"line":184,"column":0},"end":{"line":184,"column":113}},"184":{"start":{"line":185,"column":0},"end":{"line":185,"column":76}},"187":{"start":{"line":188,"column":0},"end":{"line":188,"column":37}},"188":{"start":{"line":189,"column":0},"end":{"line":189,"column":24}},"189":{"start":{"line":190,"column":0},"end":{"line":190,"column":36}},"190":{"start":{"line":191,"column":0},"end":{"line":191,"column":28}},"191":{"start":{"line":192,"column":0},"end":{"line":192,"column":31}},"192":{"start":{"line":193,"column":0},"end":{"line":193,"column":31}},"195":{"start":{"line":196,"column":0},"end":{"line":196,"column":15}},"196":{"start":{"line":197,"column":0},"end":{"line":197,"column":36}},"197":{"start":{"line":198,"column":0},"end":{"line":198,"column":21}},"204":{"start":{"line":205,"column":0},"end":{"line":205,"column":37}},"206":{"start":{"line":207,"column":0},"end":{"line":207,"column":14}},"207":{"start":{"line":208,"column":0},"end":{"line":208,"column":45}},"208":{"start":{"line":209,"column":0},"end":{"line":209,"column":23}},"209":{"start":{"line":210,"column":0},"end":{"line":210,"column":33}},"210":{"start":{"line":211,"column":0},"end":{"line":211,"column":31}},"212":{"start":{"line":213,"column":0},"end":{"line":213,"column":43}},"214":{"start":{"line":215,"column":0},"end":{"line":215,"column":103}},"217":{"start":{"line":218,"column":0},"end":{"line":218,"column":101}},"219":{"start":{"line":220,"column":0},"end":{"line":220,"column":16}},"220":{"start":{"line":221,"column":0},"end":{"line":221,"column":17}},"221":{"start":{"line":222,"column":0},"end":{"line":222,"column":12}},"222":{"start":{"line":223,"column":0},"end":{"line":223,"column":10}},"224":{"start":{"line":225,"column":0},"end":{"line":225,"column":3}}},"s":{"0":1,"64":1,"65":9,"66":9,"67":9,"68":9,"69":9,"70":9,"71":9,"72":9,"73":9,"74":9,"75":9,"76":9,"77":9,"78":9,"83":9,"84":0,"85":9,"90":9,"91":0,"92":0,"93":0,"94":0,"95":9,"101":9,"102":9,"104":0,"106":0,"107":0,"108":0,"111":0,"112":0,"113":0,"114":0,"117":0,"118":0,"119":0,"120":0,"121":0,"123":0,"124":0,"125":0,"126":0,"127":0,"128":0,"129":0,"132":0,"133":0,"135":0,"136":0,"137":0,"138":0,"139":0,"140":0,"141":0,"142":9,"144":9,"146":3,"147":3,"148":3,"149":3,"150":3,"151":3,"153":3,"154":3,"155":3,"156":3,"157":3,"159":3,"161":3,"164":0,"166":3,"167":3,"168":3,"170":3,"172":6,"173":9,"175":9,"176":9,"177":9,"180":9,"181":9,"183":9,"184":9,"187":9,"188":9,"189":9,"190":9,"191":9,"192":9,"195":9,"196":9,"197":9,"204":9,"206":9,"207":9,"208":9,"209":9,"210":9,"212":9,"214":5,"217":1,"219":9,"220":9,"221":9,"222":9,"224":9},"branchMap":{"0":{"type":"branch","line":65,"loc":{"start":{"line":65,"column":35},"end":{"line":225,"column":3}},"locations":[{"start":{"line":65,"column":35},"end":{"line":225,"column":3}}]},"1":{"type":"branch","line":145,"loc":{"start":{"line":145,"column":17},"end":{"line":171,"column":3}},"locations":[{"start":{"line":145,"column":17},"end":{"line":171,"column":3}}]},"2":{"type":"branch","line":162,"loc":{"start":{"line":162,"column":98},"end":{"line":165,"column":102}},"locations":[{"start":{"line":162,"column":98},"end":{"line":165,"column":102}}]},"3":{"type":"branch","line":171,"loc":{"start":{"line":171,"column":2},"end":{"line":174,"column":66}},"locations":[{"start":{"line":171,"column":2},"end":{"line":174,"column":66}}]},"4":{"type":"branch","line":174,"loc":{"start":{"line":174,"column":51},"end":{"line":174,"column":79}},"locations":[{"start":{"line":174,"column":51},"end":{"line":174,"column":79}}]},"5":{"type":"branch","line":174,"loc":{"start":{"line":174,"column":66},"end":{"line":174,"column":89}},"locations":[{"start":{"line":174,"column":66},"end":{"line":174,"column":89}}]},"6":{"type":"branch","line":184,"loc":{"start":{"line":184,"column":26},"end":{"line":184,"column":78}},"locations":[{"start":{"line":184,"column":26},"end":{"line":184,"column":78}}]},"7":{"type":"branch","line":184,"loc":{"start":{"line":184,"column":41},"end":{"line":184,"column":112}},"locations":[{"start":{"line":184,"column":41},"end":{"line":184,"column":112}}]},"8":{"type":"branch","line":185,"loc":{"start":{"line":185,"column":12},"end":{"line":185,"column":41}},"locations":[{"start":{"line":185,"column":12},"end":{"line":185,"column":41}}]},"9":{"type":"branch","line":185,"loc":{"start":{"line":185,"column":25},"end":{"line":185,"column":75}},"locations":[{"start":{"line":185,"column":25},"end":{"line":185,"column":75}}]},"10":{"type":"branch","line":213,"loc":{"start":{"line":213,"column":27},"end":{"line":215,"column":103}},"locations":[{"start":{"line":213,"column":27},"end":{"line":215,"column":103}}]},"11":{"type":"branch","line":215,"loc":{"start":{"line":215,"column":101},"end":{"line":218,"column":101}},"locations":[{"start":{"line":215,"column":101},"end":{"line":218,"column":101}}]},"12":{"type":"branch","line":102,"loc":{"start":{"line":102,"column":12},"end":{"line":143,"column":5}},"locations":[{"start":{"line":102,"column":12},"end":{"line":143,"column":5}}]},"13":{"type":"branch","line":103,"loc":{"start":{"line":103,"column":21},"end":{"line":142,"column":6}},"locations":[{"start":{"line":103,"column":21},"end":{"line":142,"column":6}}]}},"b":{"0":[9],"1":[3],"2":[0],"3":[6],"4":[5],"5":[1],"6":[5],"7":[1],"8":[0],"9":[6],"10":[5],"11":[1],"12":[9],"13":[0]},"fnMap":{"0":{"name":"ResizablePanel2","decl":{"start":{"line":65,"column":35},"end":{"line":225,"column":3}},"loc":{"start":{"line":65,"column":35},"end":{"line":225,"column":3}},"line":65},"1":{"name":"handleMouseMove","decl":{"start":{"line":105,"column":28},"end":{"line":122,"column":6}},"loc":{"start":{"line":105,"column":28},"end":{"line":122,"column":6}},"line":105},"2":{"name":"handleMouseUp","decl":{"start":{"line":124,"column":26},"end":{"line":130,"column":6}},"loc":{"start":{"line":124,"column":26},"end":{"line":130,"column":6}},"line":124}},"f":{"0":9,"1":0,"2":0}}
,"C:\\Users\\lukeu\\source\\repos\\ai-shell\\packages\\ui-kit\\src\\components\\ShellLayout.tsx": {"path":"C:\\Users\\lukeu\\source\\repos\\ai-shell\\packages\\ui-kit\\src\\components\\ShellLayout.tsx","all":false,"statementMap":{"0":{"start":{"line":1,"column":0},"end":{"line":1,"column":58}},"60":{"start":{"line":61,"column":0},"end":{"line":61,"column":29}},"61":{"start":{"line":62,"column":0},"end":{"line":62,"column":14}},"62":{"start":{"line":63,"column":0},"end":{"line":63,"column":17}},"63":{"start":{"line":64,"column":0},"end":{"line":64,"column":13}},"64":{"start":{"line":65,"column":0},"end":{"line":65,"column":19}},"65":{"start":{"line":66,"column":0},"end":{"line":66,"column":14}},"66":{"start":{"line":67,"column":0},"end":{"line":67,"column":12}},"67":{"start":{"line":68,"column":0},"end":{"line":68,"column":14}},"68":{"start":{"line":69,"column":0},"end":{"line":69,"column":34}},"69":{"start":{"line":70,"column":0},"end":{"line":70,"column":22}},"75":{"start":{"line":76,"column":0},"end":{"line":76,"column":31}},"76":{"start":{"line":77,"column":0},"end":{"line":77,"column":35}},"77":{"start":{"line":78,"column":0},"end":{"line":78,"column":89}},"78":{"start":{"line":79,"column":0},"end":{"line":79,"column":59}},"79":{"start":{"line":80,"column":0},"end":{"line":80,"column":93}},"80":{"start":{"line":81,"column":0},"end":{"line":81,"column":14}},"82":{"start":{"line":83,"column":0},"end":{"line":83,"column":28}},"83":{"start":{"line":84,"column":0},"end":{"line":84,"column":56}},"84":{"start":{"line":85,"column":0},"end":{"line":85,"column":84}},"85":{"start":{"line":86,"column":0},"end":{"line":86,"column":40}},"86":{"start":{"line":87,"column":0},"end":{"line":87,"column":14}},"88":{"start":{"line":89,"column":0},"end":{"line":89,"column":10}},"89":{"start":{"line":90,"column":0},"end":{"line":90,"column":8}},"90":{"start":{"line":91,"column":0},"end":{"line":91,"column":63}},"91":{"start":{"line":92,"column":0},"end":{"line":92,"column":14}},"92":{"start":{"line":93,"column":0},"end":{"line":93,"column":24}},"93":{"start":{"line":94,"column":0},"end":{"line":94,"column":28}},"94":{"start":{"line":95,"column":0},"end":{"line":95,"column":25}},"95":{"start":{"line":96,"column":0},"end":{"line":96,"column":28}},"100":{"start":{"line":101,"column":0},"end":{"line":101,"column":8}},"103":{"start":{"line":104,"column":0},"end":{"line":104,"column":10}},"104":{"start":{"line":105,"column":0},"end":{"line":105,"column":56}},"105":{"start":{"line":106,"column":0},"end":{"line":106,"column":44}},"107":{"start":{"line":108,"column":0},"end":{"line":108,"column":21}},"108":{"start":{"line":109,"column":0},"end":{"line":109,"column":12}},"111":{"start":{"line":112,"column":0},"end":{"line":112,"column":48}},"112":{"start":{"line":113,"column":0},"end":{"line":113,"column":12}},"113":{"start":{"line":114,"column":0},"end":{"line":114,"column":72}},"114":{"start":{"line":115,"column":0},"end":{"line":115,"column":49}},"116":{"start":{"line":117,"column":0},"end":{"line":117,"column":26}},"117":{"start":{"line":118,"column":0},"end":{"line":118,"column":14}},"121":{"start":{"line":122,"column":0},"end":{"line":122,"column":10}},"122":{"start":{"line":123,"column":0},"end":{"line":123,"column":45}},"123":{"start":{"line":124,"column":0},"end":{"line":124,"column":43}},"125":{"start":{"line":126,"column":0},"end":{"line":126,"column":20}},"126":{"start":{"line":127,"column":0},"end":{"line":127,"column":12}},"129":{"start":{"line":130,"column":0},"end":{"line":130,"column":50}},"130":{"start":{"line":131,"column":0},"end":{"line":131,"column":12}},"131":{"start":{"line":132,"column":0},"end":{"line":132,"column":72}},"132":{"start":{"line":133,"column":0},"end":{"line":133,"column":51}},"134":{"start":{"line":135,"column":0},"end":{"line":135,"column":28}},"135":{"start":{"line":136,"column":0},"end":{"line":136,"column":14}},"139":{"start":{"line":140,"column":0},"end":{"line":140,"column":45}},"140":{"start":{"line":141,"column":0},"end":{"line":141,"column":12}},"141":{"start":{"line":142,"column":0},"end":{"line":142,"column":72}},"142":{"start":{"line":143,"column":0},"end":{"line":143,"column":46}},"144":{"start":{"line":145,"column":0},"end":{"line":145,"column":23}},"145":{"start":{"line":146,"column":0},"end":{"line":146,"column":14}},"149":{"start":{"line":150,"column":0},"end":{"line":150,"column":10}},"150":{"start":{"line":151,"column":0},"end":{"line":151,"column":56}},"151":{"start":{"line":152,"column":0},"end":{"line":152,"column":42}},"153":{"start":{"line":154,"column":0},"end":{"line":154,"column":19}},"154":{"start":{"line":155,"column":0},"end":{"line":155,"column":12}},"155":{"start":{"line":156,"column":0},"end":{"line":156,"column":10}},"157":{"start":{"line":158,"column":0},"end":{"line":158,"column":1}}},"s":{"0":1,"60":1,"61":5,"62":5,"63":5,"64":5,"65":5,"66":5,"67":5,"68":5,"69":5,"75":5,"76":5,"77":5,"78":5,"79":5,"80":5,"82":5,"83":5,"84":5,"85":5,"86":5,"88":5,"89":5,"90":5,"91":5,"92":5,"93":5,"94":5,"95":5,"100":5,"103":5,"104":5,"105":5,"107":5,"108":5,"111":5,"112":4,"113":4,"114":4,"116":4,"117":4,"121":5,"122":5,"123":5,"125":5,"126":5,"129":5,"130":1,"131":1,"132":1,"134":1,"135":1,"139":5,"140":4,"141":4,"142":4,"144":4,"145":4,"149":5,"150":5,"151":5,"153":5,"154":5,"155":5,"157":5},"branchMap":{"0":{"type":"branch","line":61,"loc":{"start":{"line":61,"column":7},"end":{"line":158,"column":1}},"locations":[{"start":{"line":61,"column":7},"end":{"line":158,"column":1}}]},"1":{"type":"branch","line":78,"loc":{"start":{"line":78,"column":16},"end":{"line":78,"column":50}},"locations":[{"start":{"line":78,"column":16},"end":{"line":78,"column":50}}]},"2":{"type":"branch","line":78,"loc":{"start":{"line":78,"column":42},"end":{"line":78,"column":89}},"locations":[{"start":{"line":78,"column":42},"end":{"line":78,"column":89}}]},"3":{"type":"branch","line":80,"loc":{"start":{"line":80,"column":16},"end":{"line":80,"column":52}},"locations":[{"start":{"line":80,"column":16},"end":{"line":80,"column":52}}]},"4":{"type":"branch","line":80,"loc":{"start":{"line":80,"column":44},"end":{"line":80,"column":93}},"locations":[{"start":{"line":80,"column":44},"end":{"line":80,"column":93}}]},"5":{"type":"branch","line":85,"loc":{"start":{"line":85,"column":16},"end":{"line":85,"column":47}},"locations":[{"start":{"line":85,"column":16},"end":{"line":85,"column":47}}]},"6":{"type":"branch","line":85,"loc":{"start":{"line":85,"column":39},"end":{"line":85,"column":84}},"locations":[{"start":{"line":85,"column":39},"end":{"line":85,"column":84}}]},"7":{"type":"branch","line":112,"loc":{"start":{"line":112,"column":20},"end":{"line":118,"column":14}},"locations":[{"start":{"line":112,"column":20},"end":{"line":118,"column":14}}]},"8":{"type":"branch","line":130,"loc":{"start":{"line":130,"column":20},"end":{"line":136,"column":14}},"locations":[{"start":{"line":130,"column":20},"end":{"line":136,"column":14}}]},"9":{"type":"branch","line":140,"loc":{"start":{"line":140,"column":20},"end":{"line":146,"column":14}},"locations":[{"start":{"line":140,"column":20},"end":{"line":146,"column":14}}]}},"b":{"0":[5],"1":[1],"2":[4],"3":[4],"4":[1],"5":[1],"6":[4],"7":[4],"8":[1],"9":[4]},"fnMap":{"0":{"name":"ShellLayout","decl":{"start":{"line":61,"column":7},"end":{"line":158,"column":1}},"loc":{"start":{"line":61,"column":7},"end":{"line":158,"column":1}},"line":61}},"f":{"0":5}}
,"C:\\Users\\lukeu\\source\\repos\\ai-shell\\packages\\ui-kit\\src\\components\\StatusBar.tsx": {"path":"C:\\Users\\lukeu\\source\\repos\\ai-shell\\packages\\ui-kit\\src\\components\\StatusBar.tsx","all":false,"statementMap":{"0":{"start":{"line":1,"column":0},"end":{"line":1,"column":3}},"31":{"start":{"line":32,"column":0},"end":{"line":32,"column":74}},"32":{"start":{"line":33,"column":0},"end":{"line":33,"column":10}},"33":{"start":{"line":34,"column":0},"end":{"line":34,"column":83}},"35":{"start":{"line":36,"column":0},"end":{"line":36,"column":47}},"36":{"start":{"line":37,"column":0},"end":{"line":37,"column":21}},"37":{"start":{"line":38,"column":0},"end":{"line":38,"column":12}},"40":{"start":{"line":41,"column":0},"end":{"line":41,"column":47}},"41":{"start":{"line":42,"column":0},"end":{"line":42,"column":22}},"42":{"start":{"line":43,"column":0},"end":{"line":43,"column":12}},"43":{"start":{"line":44,"column":0},"end":{"line":44,"column":10}},"45":{"start":{"line":46,"column":0},"end":{"line":46,"column":1}}},"s":{"0":1,"31":1,"32":5,"33":5,"35":5,"36":5,"37":5,"40":5,"41":5,"42":5,"43":5,"45":5},"branchMap":{"0":{"type":"branch","line":32,"loc":{"start":{"line":32,"column":7},"end":{"line":46,"column":1}},"locations":[{"start":{"line":32,"column":7},"end":{"line":46,"column":1}}]}},"b":{"0":[5]},"fnMap":{"0":{"name":"StatusBar","decl":{"start":{"line":32,"column":7},"end":{"line":46,"column":1}},"loc":{"start":{"line":32,"column":7},"end":{"line":46,"column":1}},"line":32}},"f":{"0":5}}
}
